<?xml version="1.0" encoding="UTF-8"?>
<!-- Generated by org.testng.reporters.JUnitReportReporter -->
<testsuite hostname="CLIPIARC-N" failures="0" tests="1" name="oficinaVirtual.NuevaOficinaVirtualTest" time="150.484" errors="0" timestamp="2025-11-29T22:27:38 CLST" skipped="0">
  <testcase classname="oficinaVirtual.NuevaOficinaVirtualTest" name="t001_Login_Busqueda_Rapida" time="150.484"/>
  <system-out>
    <![CDATA[>>>>>> Info: Launching.....https://oficinavirtual.bciseguros.cl/]]>
  </system-out>
</testsuite> <!-- oficinaVirtual.NuevaOficinaVirtualTest -->
