<?xml version="1.0" encoding="UTF-8"?>
<!-- Generated by org.testng.reporters.JUnitReportReporter -->
<testsuite hostname="CLIPIARC-N" failures="0" tests="1" name="oficinaVirtual.NuevaOficinaVirtualTest" time="163.911" errors="0" timestamp="2025-11-28T18:01:27 CLST" skipped="0">
  <testcase classname="oficinaVirtual.NuevaOficinaVirtualTest" name="t001_Login_Busqueda_Rapida" time="163.911"/>
  <system-out>
    <![CDATA[>>>>>> Info: Launching.....https://oficinavirtual.bciseguros.cl/]]>
  </system-out>
</testsuite> <!-- oficinaVirtual.NuevaOficinaVirtualTest -->
